TN:
SF:src/Controllers/BlogController.ts
FN:7,createBlog
FN:43,updateBlog
FN:83,getAllBlogs
FN:97,getOneBlog
FN:119,deleteBlog
FNF:5
FNH:5
FNDA:4,createBlog
FNDA:4,updateBlog
FNDA:3,getAllBlogs
FNDA:3,getOneBlog
FNDA:3,deleteBlog
DA:1,1
DA:2,1
DA:3,1
DA:4,1
DA:5,1
DA:6,1
DA:7,1
DA:8,4
DA:9,4
DA:10,4
DA:11,1
DA:12,1
DA:13,3
DA:14,4
DA:15,1
DA:16,1
DA:17,1
DA:18,1
DA:19,2
DA:20,2
DA:21,2
DA:22,2
DA:23,2
DA:24,2
DA:25,2
DA:26,2
DA:27,2
DA:28,2
DA:29,2
DA:30,1
DA:31,1
DA:32,1
DA:33,1
DA:34,1
DA:35,1
DA:36,1
DA:37,1
DA:38,1
DA:39,1
DA:40,1
DA:41,4
DA:42,1
DA:43,1
DA:44,4
DA:45,4
DA:46,4
DA:47,4
DA:48,4
DA:49,2
DA:50,2
DA:51,2
DA:52,2
DA:53,2
DA:54,2
DA:55,4
DA:56,1
DA:57,1
DA:58,2
DA:59,2
DA:60,2
DA:61,2
DA:62,2
DA:63,2
DA:64,4
DA:65,4
DA:66,4
DA:67,4
DA:68,4
DA:69,4
DA:70,4
DA:71,1
DA:72,1
DA:73,1
DA:74,1
DA:75,1
DA:76,1
DA:77,1
DA:78,1
DA:79,1
DA:80,1
DA:81,1
DA:82,4
DA:83,1
DA:84,3
DA:85,3
DA:86,2
DA:87,2
DA:88,2
DA:89,3
DA:90,1
DA:91,1
DA:92,1
DA:93,1
DA:94,1
DA:95,3
DA:96,1
DA:97,1
DA:98,3
DA:99,3
DA:100,2
DA:101,3
DA:102,1
DA:103,1
DA:104,1
DA:105,1
DA:106,1
DA:107,1
DA:108,1
DA:109,1
DA:110,3
DA:111,1
DA:112,1
DA:113,1
DA:114,1
DA:115,1
DA:116,3
DA:117,1
DA:118,1
DA:119,1
DA:120,3
DA:121,3
DA:122,3
DA:123,2
DA:124,3
DA:125,1
DA:126,1
DA:127,1
DA:128,1
DA:129,1
DA:130,1
DA:131,1
DA:132,1
DA:133,1
DA:134,1
DA:135,1
DA:136,1
DA:137,1
DA:138,3
DA:139,3
DA:140,1
DA:141,1
DA:142,1
LF:142
LH:142
BRDA:7,0,0,4
BRDA:10,1,0,1
BRDA:13,2,0,3
BRDA:14,3,0,1
BRDA:19,4,0,2
BRDA:30,5,0,1
BRDA:43,6,0,4
BRDA:48,7,0,2
BRDA:55,8,0,1
BRDA:58,9,0,2
BRDA:64,10,0,0
BRDA:65,11,0,2
BRDA:65,12,0,0
BRDA:66,13,0,2
BRDA:66,14,0,0
BRDA:67,15,0,1
BRDA:67,16,0,1
BRDA:71,17,0,1
BRDA:83,18,0,3
BRDA:86,19,0,2
BRDA:89,20,0,1
BRDA:97,21,0,3
BRDA:100,22,0,2
BRDA:101,23,0,1
BRDA:110,24,0,1
BRDA:119,25,0,3
BRDA:123,26,0,2
BRDA:124,27,0,1
BRF:28
BRH:25
end_of_record
TN:
SF:src/Controllers/UserController.ts
FN:7,createUser
FN:48,getAllUsers
FN:58,getUserById
FN:73,updateUser
FN:116,deleteUser
FN:137,loginUser
FNF:6
FNH:6
FNDA:4,createUser
FNDA:1,getAllUsers
FNDA:2,getUserById
FNDA:3,updateUser
FNDA:2,deleteUser
FNDA:4,loginUser
DA:1,1
DA:2,1
DA:3,1
DA:4,1
DA:5,1
DA:6,1
DA:7,1
DA:8,4
DA:9,4
DA:10,4
DA:11,1
DA:12,1
DA:13,3
DA:14,3
DA:15,3
DA:16,3
DA:17,3
DA:18,4
DA:19,1
DA:20,1
DA:21,1
DA:22,1
DA:23,2
DA:24,2
DA:25,2
DA:26,2
DA:27,2
DA:28,2
DA:29,4
DA:30,4
DA:31,4
DA:32,4
DA:33,2
DA:34,4
DA:35,4
DA:36,4
DA:37,4
DA:38,4
DA:39,4
DA:40,4
DA:41,4
DA:42,4
DA:43,4
DA:44,4
DA:45,1
DA:46,1
DA:47,1
DA:48,1
DA:49,1
DA:50,1
DA:51,1
DA:52,1
DA:53,1
DA:54,1
DA:55,1
DA:56,1
DA:57,1
DA:58,1
DA:59,2
DA:60,2
DA:61,2
DA:62,1
DA:63,1
DA:64,1
DA:65,1
DA:66,1
DA:67,1
DA:68,2
DA:69,2
DA:70,1
DA:71,1
DA:72,1
DA:73,1
DA:74,3
DA:75,3
DA:76,3
DA:77,1
DA:78,1
DA:79,2
DA:80,2
DA:81,2
DA:82,2
DA:83,2
DA:84,3
DA:85,1
DA:86,1
DA:87,1
DA:88,1
DA:89,1
DA:90,1
DA:91,1
DA:92,1
DA:93,1
DA:94,3
DA:95,3
DA:96,3
DA:97,3
DA:98,3
DA:99,3
DA:100,3
DA:101,3
DA:102,3
DA:103,3
DA:104,3
DA:105,3
DA:106,3
DA:107,1
DA:108,1
DA:109,1
DA:110,1
DA:111,1
DA:112,1
DA:113,1
DA:114,1
DA:115,1
DA:116,1
DA:117,2
DA:118,2
DA:119,2
DA:120,2
DA:121,2
DA:122,1
DA:123,1
DA:124,1
DA:125,1
DA:126,1
DA:127,1
DA:128,1
DA:129,1
DA:130,1
DA:131,1
DA:132,1
DA:133,1
DA:134,1
DA:135,1
DA:136,1
DA:137,1
DA:138,4
DA:139,4
DA:140,4
DA:141,4
DA:142,4
DA:143,4
DA:144,1
DA:145,1
DA:146,1
DA:147,1
DA:148,3
DA:149,3
DA:150,3
DA:151,4
DA:152,2
DA:153,2
DA:154,2
DA:155,2
DA:156,1
DA:157,4
DA:158,4
DA:159,4
DA:160,4
DA:161,4
DA:162,4
DA:163,4
DA:164,4
DA:165,4
DA:166,4
DA:167,4
DA:168,1
DA:169,1
DA:170,1
DA:171,1
LF:171
LH:171
BRDA:7,0,0,4
BRDA:10,1,0,1
BRDA:13,2,0,3
BRDA:18,3,0,1
BRDA:23,4,0,2
BRDA:29,5,0,0
BRDA:33,6,0,2
BRDA:34,7,0,0
BRDA:48,8,0,1
BRDA:58,9,0,2
BRDA:61,10,0,1
BRDA:73,11,0,3
BRDA:76,12,0,1
BRDA:79,13,0,2
BRDA:84,14,0,1
BRDA:94,15,0,0
BRDA:99,16,0,1
BRDA:99,17,0,0
BRDA:100,18,0,1
BRDA:100,19,0,0
BRDA:101,20,0,1
BRDA:101,21,0,0
BRDA:103,22,0,0
BRDA:103,23,0,0
BRDA:107,24,0,1
BRDA:116,25,0,2
BRDA:121,26,0,1
BRDA:137,27,0,4
BRDA:143,28,0,1
BRDA:148,29,0,3
BRDA:151,30,0,2
BRDA:156,31,0,1
BRDA:157,32,0,0
BRF:33
BRH:24
end_of_record
TN:
SF:src/Controllers/commentsLikesController.ts
FN:19,addComment
FN:52,likeBlog
FNF:2
FNH:2
FNDA:3,addComment
FNDA:4,likeBlog
DA:1,1
DA:2,1
DA:3,1
DA:4,1
DA:5,1
DA:6,1
DA:7,1
DA:8,1
DA:9,1
DA:10,1
DA:11,1
DA:12,1
DA:13,1
DA:14,1
DA:15,1
DA:16,1
DA:17,1
DA:18,1
DA:19,1
DA:20,3
DA:21,3
DA:22,3
DA:23,1
DA:24,1
DA:25,2
DA:26,2
DA:27,2
DA:28,2
DA:29,3
DA:30,1
DA:31,1
DA:32,1
DA:33,1
DA:34,3
DA:35,0
DA:36,0
DA:37,1
DA:38,1
DA:39,1
DA:40,1
DA:41,1
DA:42,1
DA:43,1
DA:44,1
DA:45,1
DA:46,1
DA:47,1
DA:48,1
DA:49,1
DA:50,1
DA:51,1
DA:52,1
DA:53,4
DA:54,4
DA:55,4
DA:56,0
DA:57,0
DA:58,4
DA:59,4
DA:60,4
DA:61,4
DA:62,4
DA:63,1
DA:64,1
DA:65,3
DA:66,3
DA:67,4
DA:68,0
DA:69,0
DA:70,3
DA:71,4
DA:72,2
DA:73,2
DA:74,1
DA:75,1
DA:76,1
DA:77,1
DA:78,1
DA:79,1
DA:80,1
DA:81,1
DA:82,1
LF:82
LH:76
BRDA:19,0,0,3
BRDA:22,1,0,1
BRDA:25,2,0,2
BRDA:29,3,0,1
BRDA:34,4,0,0
BRDA:37,5,0,1
BRDA:52,6,0,4
BRDA:55,7,0,0
BRDA:62,8,0,1
BRDA:65,9,0,3
BRDA:67,10,0,0
BRDA:70,11,0,3
BRDA:71,12,0,2
BRDA:74,13,0,1
BRF:14
BRH:11
end_of_record
TN:
SF:src/Controllers/contactUsController.ts
FN:5,createContactUs
FN:34,updateContactUs
FN:71,getAllContactUs
FN:85,getOneContactUs
FN:106,deleteContactUs
FNF:5
FNH:5
FNDA:3,createContactUs
FNDA:3,updateContactUs
FNDA:2,getAllContactUs
FNDA:3,getOneContactUs
FNDA:3,deleteContactUs
DA:1,1
DA:2,1
DA:3,1
DA:4,1
DA:5,1
DA:6,3
DA:7,3
DA:8,3
DA:9,1
DA:10,1
DA:11,2
DA:12,2
DA:13,2
DA:14,2
DA:15,2
DA:16,2
DA:17,2
DA:18,2
DA:19,2
DA:20,2
DA:21,1
DA:22,1
DA:23,1
DA:24,1
DA:25,1
DA:26,1
DA:27,1
DA:28,1
DA:29,1
DA:30,1
DA:31,1
DA:32,3
DA:33,1
DA:34,1
DA:35,3
DA:36,3
DA:37,3
DA:38,3
DA:39,3
DA:40,1
DA:41,1
DA:42,1
DA:43,1
DA:44,2
DA:45,2
DA:46,2
DA:47,2
DA:48,2
DA:49,2
DA:50,3
DA:51,3
DA:52,3
DA:53,3
DA:54,3
DA:55,3
DA:56,3
DA:57,3
DA:58,1
DA:59,1
DA:60,1
DA:61,1
DA:62,1
DA:63,1
DA:64,1
DA:65,1
DA:66,1
DA:67,1
DA:68,1
DA:69,3
DA:70,1
DA:71,1
DA:72,2
DA:73,2
DA:74,1
DA:75,1
DA:76,1
DA:77,1
DA:78,1
DA:79,1
DA:80,1
DA:81,1
DA:82,1
DA:83,2
DA:84,1
DA:85,1
DA:86,3
DA:87,3
DA:88,2
DA:89,3
DA:90,1
DA:91,1
DA:92,1
DA:93,1
DA:94,1
DA:95,1
DA:96,1
DA:97,1
DA:98,3
DA:99,1
DA:100,1
DA:101,1
DA:102,1
DA:103,1
DA:104,3
DA:105,1
DA:106,1
DA:107,3
DA:108,3
DA:109,3
DA:110,3
DA:111,3
DA:112,1
DA:113,1
DA:114,1
DA:115,1
DA:116,2
DA:117,2
DA:118,1
DA:119,1
DA:120,1
DA:121,1
DA:122,1
DA:123,1
DA:124,1
DA:125,3
DA:126,1
DA:127,1
DA:128,1
LF:128
LH:128
BRDA:5,0,0,3
BRDA:8,1,0,1
BRDA:11,2,0,2
BRDA:21,3,0,1
BRDA:34,4,0,3
BRDA:39,5,0,1
BRDA:44,6,0,2
BRDA:50,7,0,0
BRDA:51,8,0,2
BRDA:51,9,0,0
BRDA:52,10,0,2
BRDA:52,11,0,0
BRDA:53,12,0,2
BRDA:53,13,0,0
BRDA:54,14,0,2
BRDA:54,15,0,0
BRDA:58,16,0,1
BRDA:71,17,0,2
BRDA:74,18,0,1
BRDA:85,19,0,3
BRDA:88,20,0,2
BRDA:89,21,0,1
BRDA:98,22,0,1
BRDA:106,23,0,3
BRDA:111,24,0,1
BRDA:116,25,0,2
BRDA:118,26,0,1
BRF:27
BRH:22
end_of_record
TN:
SF:src/Controllers/subscribeController.ts
FN:5,createSubscribe
FN:34,updateSubscribe
FN:68,getAllSubscriptions
FN:82,getOneSubscription
FN:103,deleteSubscription
FNF:5
FNH:5
FNDA:3,createSubscribe
FNDA:3,updateSubscribe
FNDA:2,getAllSubscriptions
FNDA:3,getOneSubscription
FNDA:1,deleteSubscription
DA:1,1
DA:2,1
DA:3,1
DA:4,1
DA:5,1
DA:6,3
DA:7,3
DA:8,3
DA:9,3
DA:10,1
DA:11,1
DA:12,1
DA:13,1
DA:14,2
DA:15,2
DA:16,2
DA:17,2
DA:18,2
DA:19,2
DA:20,2
DA:21,1
DA:22,1
DA:23,1
DA:24,1
DA:25,1
DA:26,1
DA:27,1
DA:28,1
DA:29,1
DA:30,1
DA:31,1
DA:32,3
DA:33,1
DA:34,1
DA:35,3
DA:36,3
DA:37,3
DA:38,3
DA:39,3
DA:40,1
DA:41,1
DA:42,1
DA:43,1
DA:44,2
DA:45,2
DA:46,2
DA:47,2
DA:48,2
DA:49,2
DA:50,3
DA:51,3
DA:52,3
DA:53,3
DA:54,3
DA:55,1
DA:56,1
DA:57,1
DA:58,1
DA:59,1
DA:60,1
DA:61,1
DA:62,1
DA:63,1
DA:64,1
DA:65,1
DA:66,3
DA:67,1
DA:68,1
DA:69,2
DA:70,2
DA:71,1
DA:72,1
DA:73,1
DA:74,1
DA:75,1
DA:76,1
DA:77,1
DA:78,1
DA:79,1
DA:80,2
DA:81,1
DA:82,1
DA:83,3
DA:84,3
DA:85,2
DA:86,3
DA:87,1
DA:88,1
DA:89,1
DA:90,1
DA:91,1
DA:92,1
DA:93,1
DA:94,1
DA:95,3
DA:96,1
DA:97,1
DA:98,1
DA:99,1
DA:100,1
DA:101,3
DA:102,1
DA:103,1
DA:104,1
DA:105,1
DA:106,1
DA:107,1
DA:108,1
DA:109,1
DA:110,1
DA:111,1
DA:112,1
DA:113,1
DA:114,1
DA:115,1
DA:116,1
LF:116
LH:116
BRDA:5,0,0,3
BRDA:9,1,0,1
BRDA:14,2,0,2
BRDA:21,3,0,1
BRDA:34,4,0,3
BRDA:39,5,0,1
BRDA:44,6,0,2
BRDA:50,7,0,0
BRDA:51,8,0,2
BRDA:51,9,0,0
BRDA:55,10,0,1
BRDA:68,11,0,2
BRDA:71,12,0,1
BRDA:82,13,0,3
BRDA:85,14,0,2
BRDA:86,15,0,1
BRDA:95,16,0,1
BRDA:103,17,0,1
BRF:18
BRH:16
end_of_record
TN:
SF:src/Helpers/cloud.ts
FN:13,UploadToCloud
FNF:1
FNH:1
FNDA:3,UploadToCloud
DA:1,1
DA:2,1
DA:3,1
DA:4,1
DA:5,1
DA:6,1
DA:7,1
DA:8,1
DA:9,1
DA:10,1
DA:11,1
DA:12,1
DA:13,1
DA:14,3
DA:15,3
DA:16,3
DA:17,3
DA:18,3
DA:19,3
DA:20,3
DA:21,0
DA:22,0
DA:23,0
DA:24,0
DA:25,3
LF:25
LH:21
BRDA:13,0,0,3
BRDA:13,1,0,3
BRDA:20,2,0,0
BRF:3
BRH:2
end_of_record
TN:
SF:src/Helpers/multer.ts
FN:7,fileFilter
FNF:1
FNH:1
FNDA:4,fileFilter
DA:1,1
DA:2,1
DA:3,1
DA:4,1
DA:5,1
DA:6,1
DA:7,1
DA:8,4
DA:9,4
DA:10,4
DA:11,4
DA:12,0
DA:13,0
DA:14,0
DA:15,4
DA:16,4
DA:17,4
DA:18,1
DA:19,1
DA:20,1
DA:21,1
LF:21
LH:18
BRDA:7,0,0,4
BRDA:11,1,0,0
BRF:2
BRH:1
end_of_record
TN:
SF:src/Middlewares/Authorization.ts
FN:12,Authorization
FNF:1
FNH:1
FNDA:14,Authorization
DA:1,1
DA:2,1
DA:3,1
DA:4,1
DA:5,1
DA:6,1
DA:7,1
DA:8,1
DA:9,1
DA:10,1
DA:11,1
DA:12,1
DA:13,14
DA:14,14
DA:15,14
DA:16,14
DA:17,14
DA:18,14
DA:19,14
DA:20,0
DA:21,0
DA:22,0
DA:23,0
DA:24,14
DA:25,14
DA:26,14
DA:27,14
DA:28,0
DA:29,0
DA:30,0
DA:31,0
DA:32,0
DA:33,12
DA:34,12
DA:35,12
DA:36,14
DA:37,11
DA:38,14
DA:39,1
DA:40,1
DA:41,1
DA:42,1
DA:43,14
DA:44,14
DA:45,2
DA:46,2
DA:47,2
DA:48,2
DA:49,14
LF:49
LH:40
BRDA:12,0,0,14
BRDA:12,1,0,14
BRDA:19,2,0,0
BRDA:27,3,0,0
BRDA:33,4,0,12
BRDA:36,5,0,11
BRDA:36,6,0,1
BRDA:36,7,0,11
BRDA:36,8,0,11
BRDA:38,9,0,1
BRDA:44,10,0,2
BRF:11
BRH:9
end_of_record
TN:
SF:src/Middlewares/UserMiddleware.ts
FN:12,UserMiddleware
FNF:1
FNH:1
FNDA:11,UserMiddleware
DA:1,1
DA:2,1
DA:3,1
DA:4,1
DA:5,1
DA:6,1
DA:7,1
DA:8,1
DA:9,1
DA:10,1
DA:11,1
DA:12,1
DA:13,11
DA:14,11
DA:15,11
DA:16,11
DA:17,11
DA:18,11
DA:19,11
DA:20,11
DA:21,11
DA:22,2
DA:23,2
DA:24,2
DA:25,9
DA:26,9
DA:27,11
DA:28,11
DA:29,11
DA:30,0
DA:31,0
DA:32,0
DA:33,7
DA:34,7
DA:35,7
DA:36,7
DA:37,11
DA:38,0
DA:39,0
DA:40,0
DA:41,7
DA:42,7
DA:43,11
DA:44,0
DA:45,0
DA:46,0
DA:47,7
DA:48,7
DA:49,7
DA:50,7
DA:51,11
DA:52,2
DA:53,2
DA:54,1
DA:55,1
DA:56,1
DA:57,1
DA:58,0
DA:59,0
DA:60,2
DA:61,11
DA:62,1
DA:63,1
LF:63
LH:52
BRDA:12,0,0,11
BRDA:16,1,0,11
BRDA:21,2,0,2
BRDA:25,3,0,9
BRDA:27,4,0,0
BRDA:29,5,0,7
BRDA:29,6,0,7
BRDA:29,7,0,0
BRDA:33,8,0,7
BRDA:37,9,0,0
BRDA:41,10,0,7
BRDA:43,11,0,0
BRDA:47,12,0,7
BRDA:51,13,0,2
BRDA:53,14,0,1
BRDA:57,15,0,0
BRF:16
BRH:11
end_of_record
TN:
SF:src/Models/BlogModel.ts
FN:80,validateBlogModelData
FNF:1
FNH:1
FNDA:4,validateBlogModelData
DA:1,1
DA:2,1
DA:3,1
DA:4,1
DA:5,1
DA:6,1
DA:7,1
DA:8,1
DA:9,1
DA:10,1
DA:11,1
DA:12,1
DA:13,1
DA:14,1
DA:15,1
DA:16,1
DA:17,1
DA:18,1
DA:19,1
DA:20,1
DA:21,1
DA:22,1
DA:23,1
DA:24,1
DA:25,1
DA:26,1
DA:27,1
DA:28,1
DA:29,1
DA:30,1
DA:31,1
DA:32,1
DA:33,1
DA:34,1
DA:35,1
DA:36,1
DA:37,1
DA:38,1
DA:39,1
DA:40,1
DA:41,1
DA:42,1
DA:43,1
DA:44,1
DA:45,1
DA:46,1
DA:47,1
DA:48,1
DA:49,1
DA:50,1
DA:51,1
DA:52,1
DA:53,1
DA:54,1
DA:55,1
DA:56,1
DA:57,1
DA:58,1
DA:59,1
DA:60,1
DA:61,1
DA:62,1
DA:63,1
DA:64,1
DA:65,1
DA:66,1
DA:67,1
DA:68,1
DA:69,1
DA:70,1
DA:71,1
DA:72,1
DA:73,1
DA:74,1
DA:75,1
DA:76,1
DA:77,1
DA:78,1
DA:79,1
DA:80,1
DA:81,4
DA:82,4
DA:83,1
DA:84,1
DA:85,1
LF:85
LH:85
BRDA:80,0,0,4
BRF:1
BRH:1
end_of_record
TN:
SF:src/Models/UserModel.ts
FN:53,validateUserModelData
FNF:1
FNH:1
FNDA:7,validateUserModelData
DA:1,1
DA:2,1
DA:3,1
DA:4,1
DA:5,1
DA:6,1
DA:7,1
DA:8,1
DA:9,1
DA:10,1
DA:11,1
DA:12,1
DA:13,1
DA:14,1
DA:15,1
DA:16,1
DA:17,1
DA:18,1
DA:19,1
DA:20,1
DA:21,1
DA:22,1
DA:23,1
DA:24,1
DA:25,1
DA:26,1
DA:27,1
DA:28,1
DA:29,1
DA:30,1
DA:31,1
DA:32,1
DA:33,1
DA:34,1
DA:35,1
DA:36,1
DA:37,1
DA:38,1
DA:39,1
DA:40,1
DA:41,1
DA:42,1
DA:43,1
DA:44,1
DA:45,1
DA:46,1
DA:47,1
DA:48,1
DA:49,1
DA:50,1
DA:51,1
DA:52,1
DA:53,1
DA:54,7
DA:55,7
DA:56,1
DA:57,1
DA:58,1
LF:58
LH:58
BRDA:53,0,0,7
BRF:1
BRH:1
end_of_record
TN:
SF:src/Models/contactUsmodels.ts
FN:49,validateContactUsModelData
FNF:1
FNH:1
FNDA:3,validateContactUsModelData
DA:1,1
DA:2,1
DA:3,1
DA:4,1
DA:5,1
DA:6,1
DA:7,1
DA:8,1
DA:9,1
DA:10,1
DA:11,1
DA:12,1
DA:13,1
DA:14,1
DA:15,1
DA:16,1
DA:17,1
DA:18,1
DA:19,1
DA:20,1
DA:21,1
DA:22,1
DA:23,1
DA:24,1
DA:25,1
DA:26,1
DA:27,1
DA:28,1
DA:29,1
DA:30,1
DA:31,1
DA:32,1
DA:33,1
DA:34,1
DA:35,1
DA:36,1
DA:37,1
DA:38,1
DA:39,1
DA:40,1
DA:41,1
DA:42,1
DA:43,1
DA:44,1
DA:45,1
DA:46,1
DA:47,1
DA:48,1
DA:49,1
DA:50,3
DA:51,3
DA:52,1
DA:53,1
DA:54,1
LF:54
LH:54
BRDA:49,0,0,3
BRF:1
BRH:1
end_of_record
TN:
SF:src/Models/subscribeModel.ts
FNF:0
FNH:0
DA:1,1
DA:2,1
DA:3,1
DA:4,1
DA:5,1
DA:6,1
DA:7,1
DA:8,1
DA:9,1
DA:10,1
DA:11,1
DA:12,1
DA:13,1
DA:14,1
DA:15,1
DA:16,1
DA:17,1
DA:18,1
DA:19,1
DA:20,1
DA:21,1
DA:22,1
DA:23,1
DA:24,1
DA:25,1
DA:26,1
DA:27,1
DA:28,1
DA:29,1
DA:30,1
DA:31,1
DA:32,1
DA:33,1
DA:34,1
LF:34
LH:34
BRF:0
BRH:0
end_of_record
TN:
SF:src/Routes/BlogRoute.ts
FNF:0
FNH:0
DA:1,1
DA:2,1
DA:3,1
DA:4,1
DA:5,1
DA:6,1
DA:7,1
DA:8,1
DA:9,1
DA:10,1
DA:11,1
DA:12,1
DA:13,1
DA:14,1
DA:15,1
DA:16,1
DA:17,1
LF:17
LH:17
BRF:0
BRH:0
end_of_record
TN:
SF:src/Routes/UserRoute.ts
FNF:0
FNH:0
DA:1,1
DA:2,1
DA:3,1
DA:4,1
DA:5,1
DA:6,1
DA:7,1
DA:8,1
DA:9,1
DA:10,1
DA:11,1
DA:12,1
LF:12
LH:12
BRF:0
BRH:0
end_of_record
TN:
SF:src/Routes/commentRoutes.ts
FNF:0
FNH:0
DA:1,1
DA:2,1
DA:3,1
DA:4,1
DA:5,1
DA:6,1
DA:7,1
DA:8,1
DA:9,1
DA:10,1
DA:11,1
DA:12,1
DA:13,1
DA:14,1
DA:15,1
DA:16,1
LF:16
LH:16
BRF:0
BRH:0
end_of_record
TN:
SF:src/Routes/contactUsRoutes.ts
FNF:0
FNH:0
DA:1,1
DA:2,1
DA:3,1
DA:4,1
DA:5,1
DA:6,1
DA:7,1
DA:8,1
DA:9,1
DA:10,1
DA:11,1
LF:11
LH:11
BRF:0
BRH:0
end_of_record
TN:
SF:src/Routes/subscribeRoute.ts
FNF:0
FNH:0
DA:1,1
DA:2,1
DA:3,1
DA:4,1
DA:5,1
DA:6,1
DA:7,1
DA:8,1
DA:9,1
DA:10,1
DA:11,1
DA:12,1
LF:12
LH:12
BRF:0
BRH:0
end_of_record
