TN:
SF:src/Controllers/UserController.ts
FN:7,createUser
FN:48,getAllUsers
FN:58,getUserById
FN:73,updateUser
FN:116,deleteUser
FN:137,loginUser
FNF:6
FNH:6
FNDA:4,createUser
FNDA:1,getAllUsers
FNDA:2,getUserById
FNDA:3,updateUser
FNDA:2,deleteUser
FNDA:4,loginUser
DA:1,1
DA:2,1
DA:3,1
DA:4,1
DA:5,1
DA:6,1
DA:7,1
DA:8,4
DA:9,4
DA:10,4
DA:11,1
DA:12,1
DA:13,3
DA:14,3
DA:15,3
DA:16,3
DA:17,3
DA:18,4
DA:19,1
DA:20,1
DA:21,1
DA:22,1
DA:23,2
DA:24,2
DA:25,2
DA:26,2
DA:27,2
DA:28,2
DA:29,4
DA:30,4
DA:31,4
DA:32,4
DA:33,2
DA:34,4
DA:35,4
DA:36,4
DA:37,4
DA:38,4
DA:39,4
DA:40,4
DA:41,4
DA:42,4
DA:43,4
DA:44,4
DA:45,1
DA:46,1
DA:47,1
DA:48,1
DA:49,1
DA:50,1
DA:51,1
DA:52,1
DA:53,1
DA:54,1
DA:55,1
DA:56,1
DA:57,1
DA:58,1
DA:59,2
DA:60,2
DA:61,2
DA:62,1
DA:63,1
DA:64,1
DA:65,1
DA:66,1
DA:67,1
DA:68,2
DA:69,2
DA:70,1
DA:71,1
DA:72,1
DA:73,1
DA:74,3
DA:75,3
DA:76,3
DA:77,1
DA:78,1
DA:79,2
DA:80,2
DA:81,2
DA:82,2
DA:83,2
DA:84,3
DA:85,1
DA:86,1
DA:87,1
DA:88,1
DA:89,1
DA:90,1
DA:91,1
DA:92,1
DA:93,1
DA:94,3
DA:95,3
DA:96,3
DA:97,3
DA:98,3
DA:99,3
DA:100,3
DA:101,3
DA:102,3
DA:103,3
DA:104,3
DA:105,3
DA:106,3
DA:107,1
DA:108,1
DA:109,1
DA:110,1
DA:111,1
DA:112,1
DA:113,1
DA:114,1
DA:115,1
DA:116,1
DA:117,2
DA:118,2
DA:119,2
DA:120,2
DA:121,2
DA:122,1
DA:123,1
DA:124,1
DA:125,1
DA:126,1
DA:127,1
DA:128,1
DA:129,1
DA:130,1
DA:131,1
DA:132,1
DA:133,1
DA:134,1
DA:135,1
DA:136,1
DA:137,1
DA:138,4
DA:139,4
DA:140,4
DA:141,4
DA:142,4
DA:143,4
DA:144,1
DA:145,1
DA:146,1
DA:147,1
DA:148,3
DA:149,3
DA:150,3
DA:151,4
DA:152,2
DA:153,2
DA:154,2
DA:155,2
DA:156,1
DA:157,4
DA:158,4
DA:159,4
DA:160,4
DA:161,4
DA:162,4
DA:163,4
DA:164,4
DA:165,4
DA:166,4
DA:167,4
DA:168,1
DA:169,1
DA:170,1
DA:171,1
LF:171
LH:171
BRDA:7,0,0,4
BRDA:10,1,0,1
BRDA:13,2,0,3
BRDA:18,3,0,1
BRDA:23,4,0,2
BRDA:29,5,0,0
BRDA:33,6,0,2
BRDA:34,7,0,0
BRDA:48,8,0,1
BRDA:58,9,0,2
BRDA:61,10,0,1
BRDA:73,11,0,3
BRDA:76,12,0,1
BRDA:79,13,0,2
BRDA:84,14,0,1
BRDA:94,15,0,0
BRDA:99,16,0,1
BRDA:99,17,0,0
BRDA:100,18,0,1
BRDA:100,19,0,0
BRDA:101,20,0,1
BRDA:101,21,0,0
BRDA:103,22,0,0
BRDA:103,23,0,0
BRDA:107,24,0,1
BRDA:116,25,0,2
BRDA:121,26,0,1
BRDA:137,27,0,4
BRDA:143,28,0,1
BRDA:148,29,0,3
BRDA:151,30,0,2
BRDA:156,31,0,1
BRDA:157,32,0,0
BRF:33
BRH:24
end_of_record
TN:
SF:src/Middlewares/Authorization.ts
FN:12,Authorization
FNF:1
FNH:1
FNDA:2,Authorization
DA:1,1
DA:2,1
DA:3,1
DA:4,1
DA:5,1
DA:6,1
DA:7,1
DA:8,1
DA:9,1
DA:10,1
DA:11,1
DA:12,1
DA:13,2
DA:14,2
DA:15,2
DA:16,2
DA:17,2
DA:18,2
DA:19,2
DA:20,2
DA:21,0
DA:22,0
DA:23,0
DA:24,0
DA:25,2
DA:26,2
DA:27,2
DA:28,2
DA:29,0
DA:30,0
DA:31,0
DA:32,0
DA:33,0
DA:34,1
DA:35,1
DA:36,1
DA:37,2
DA:38,0
DA:39,2
DA:40,1
DA:41,1
DA:42,1
DA:43,1
DA:44,2
DA:45,2
DA:46,1
DA:47,1
DA:48,1
DA:49,1
DA:50,1
DA:51,2
LF:51
LH:41
BRDA:12,0,0,2
BRDA:12,1,0,2
BRDA:20,2,0,0
BRDA:28,3,0,0
BRDA:34,4,0,1
BRDA:37,5,0,0
BRDA:37,6,0,1
BRDA:37,7,0,0
BRDA:37,8,0,0
BRDA:39,9,0,1
BRDA:45,10,0,1
BRF:11
BRH:6
end_of_record
TN:
SF:src/Middlewares/UserMiddleware.ts
FN:12,UserMiddleware
FNF:1
FNH:1
FNDA:2,UserMiddleware
DA:1,1
DA:2,1
DA:3,1
DA:4,1
DA:5,1
DA:6,1
DA:7,1
DA:8,1
DA:9,1
DA:10,1
DA:11,1
DA:12,1
DA:13,2
DA:14,2
DA:15,2
DA:16,2
DA:17,2
DA:18,2
DA:19,2
DA:20,2
DA:21,2
DA:22,0
DA:23,0
DA:24,0
DA:25,2
DA:26,2
DA:27,2
DA:28,2
DA:29,2
DA:30,0
DA:31,0
DA:32,0
DA:33,0
DA:34,0
DA:35,0
DA:36,0
DA:37,0
DA:38,0
DA:39,0
DA:40,0
DA:41,0
DA:42,0
DA:43,0
DA:44,0
DA:45,0
DA:46,0
DA:47,0
DA:48,0
DA:49,0
DA:50,0
DA:51,2
DA:52,2
DA:53,2
DA:54,1
DA:55,1
DA:56,1
DA:57,1
DA:58,0
DA:59,0
DA:60,2
DA:61,2
DA:62,1
DA:63,1
LF:63
LH:37
BRDA:12,0,0,2
BRDA:16,1,0,2
BRDA:21,2,0,0
BRDA:27,3,0,0
BRDA:29,4,0,0
BRDA:29,5,0,0
BRDA:29,6,0,0
BRDA:53,7,0,1
BRDA:57,8,0,0
BRF:9
BRH:3
end_of_record
TN:
SF:src/Models/BlogModel.ts
FN:80,validateBlogModelData
FNF:1
FNH:0
FNDA:0,validateBlogModelData
DA:1,1
DA:2,1
DA:3,1
DA:4,1
DA:5,1
DA:6,1
DA:7,1
DA:8,1
DA:9,1
DA:10,1
DA:11,1
DA:12,1
DA:13,1
DA:14,1
DA:15,1
DA:16,1
DA:17,1
DA:18,1
DA:19,1
DA:20,1
DA:21,1
DA:22,1
DA:23,1
DA:24,1
DA:25,1
DA:26,1
DA:27,1
DA:28,1
DA:29,1
DA:30,1
DA:31,1
DA:32,1
DA:33,1
DA:34,1
DA:35,1
DA:36,1
DA:37,1
DA:38,1
DA:39,1
DA:40,1
DA:41,1
DA:42,1
DA:43,1
DA:44,1
DA:45,1
DA:46,1
DA:47,1
DA:48,1
DA:49,1
DA:50,1
DA:51,1
DA:52,1
DA:53,1
DA:54,1
DA:55,1
DA:56,1
DA:57,1
DA:58,1
DA:59,1
DA:60,1
DA:61,1
DA:62,1
DA:63,1
DA:64,1
DA:65,1
DA:66,1
DA:67,1
DA:68,1
DA:69,1
DA:70,1
DA:71,1
DA:72,1
DA:73,1
DA:74,1
DA:75,1
DA:76,1
DA:77,1
DA:78,1
DA:79,1
DA:80,1
DA:81,0
DA:82,0
DA:83,1
DA:84,1
DA:85,1
LF:85
LH:83
BRF:0
BRH:0
end_of_record
TN:
SF:src/Models/UserModel.ts
FN:53,validateUserModelData
FNF:1
FNH:1
FNDA:7,validateUserModelData
DA:1,1
DA:2,1
DA:3,1
DA:4,1
DA:5,1
DA:6,1
DA:7,1
DA:8,1
DA:9,1
DA:10,1
DA:11,1
DA:12,1
DA:13,1
DA:14,1
DA:15,1
DA:16,1
DA:17,1
DA:18,1
DA:19,1
DA:20,1
DA:21,1
DA:22,1
DA:23,1
DA:24,1
DA:25,1
DA:26,1
DA:27,1
DA:28,1
DA:29,1
DA:30,1
DA:31,1
DA:32,1
DA:33,1
DA:34,1
DA:35,1
DA:36,1
DA:37,1
DA:38,1
DA:39,1
DA:40,1
DA:41,1
DA:42,1
DA:43,1
DA:44,1
DA:45,1
DA:46,1
DA:47,1
DA:48,1
DA:49,1
DA:50,1
DA:51,1
DA:52,1
DA:53,1
DA:54,7
DA:55,7
DA:56,1
DA:57,1
DA:58,1
LF:58
LH:58
BRDA:53,0,0,7
BRF:1
BRH:1
end_of_record
TN:
SF:src/Routes/UserRoute.ts
FNF:0
FNH:0
DA:1,1
DA:2,1
DA:3,1
DA:4,1
DA:5,1
DA:6,1
DA:7,1
DA:8,1
DA:9,1
DA:10,1
DA:11,1
DA:12,1
LF:12
LH:12
BRF:0
BRH:0
end_of_record
